<?xml version="1.0" encoding="UTF-8"?>
<!-- Generated by org.testng.reporters.JUnitXMLReporter -->
<testsuite hostname="DESKTOP-49V9N63" ignored="0" name="HybridFramework Test(failed)" tests="2" failures="0" timestamp="08 Aug 2020 16:45:56 GMT" time="35.478" errors="0">
  <testcase name="LoginDDT" time="14.016" classname="com.HybridFramework.TestCases.TC_LoginDDT_002"/>
  <testcase name="LoginDDT" time="11.355" classname="com.HybridFramework.TestCases.TC_LoginDDT_002"/>
</testsuite> <!-- HybridFramework Test(failed) -->
