<?xml version="1.0" encoding="UTF-8"?>
<!-- Generated by org.testng.reporters.JUnitXMLReporter -->
<testsuite hostname="DESKTOP-49V9N63" ignored="0" name="HybridFramework Test" tests="2" failures="0" timestamp="09 Aug 2020 15:00:49 GMT" time="65.818" errors="0">
  <testcase name="loginTest" time="8.428" classname="com.HybridFramework.TestCases.TC_LoginTest_001"/>
  <testcase name="AddNewCustomer" time="22.647" classname="com.HybridFramework.TestCases.TC_AddCustomerTest_003"/>
</testsuite> <!-- HybridFramework Test -->
